app/build/outputs/logs/manifest-merger-debug-report.txt
-- Merging decision tree log ---
manifest
ADDED from src\main\AndroidManifest.xml:2:1-45:12
INJECTED from src\main\AndroidManifest.xml:2:1-45:12
INJECTED from src\main\AndroidManifest.xml:2:1-45:12
INJECTED from src\main\AndroidManifest.xml:2:1-45:12
MERGED from [com.android.support:appcompat-v7:23.3.0] AndroidManifest.xml:17:1-27:12
MERGED from [com.google.firebase:firebase-auth:9.0.2] AndroidManifest.xml:16:1-22:12
MERGED from [com.android.support:recyclerview-v7:26.0.0-alpha1] AndroidManifest.xml:17:1-26:12
MERGED from [de.hdodenhof:circleimageview:2.0.0] AndroidManifest.xml:2:1-11:12
MERGED from [com.android.support:animated-vector-drawable:23.3.0] AndroidManifest.xml:2:1-9:12
MERGED from [com.android.support:support-vector-drawable:23.3.0] AndroidManifest.xml:2:1-9:12
MERGED from [com.google.firebase:firebase-auth-common:9.0.2] AndroidManifest.xml:16:1-22:12
MERGED from [com.google.firebase:firebase-auth-module:9.0.2] AndroidManifest.xml:2:1-6:12
MERGED from [com.google.android.gms:play-services-base:9.0.2] AndroidManifest.xml:16:1-24:12
MERGED from [com.google.firebase:firebase-common:9.0.2] AndroidManifest.xml:2:1-13:12
MERGED from [com.google.android.gms:play-services-tasks:9.0.2] AndroidManifest.xml:2:1-6:12
MERGED from [com.google.android.gms:play-services-basement:9.0.2] AndroidManifest.xml:16:1-26:12
MERGED from [com.android.support:support-v4:23.3.0] AndroidManifest.xml:17:1-24:12
MERGED from [com.android.support:support-core-ui:26.0.0-alpha1] AndroidManifest.xml:17:1-31:12
MERGED from [com.android.support:support-compat:26.0.0-alpha1] AndroidManifest.xml:17:1-31:12
INJECTED from src\main\AndroidManifest.xml:2:1-45:12
INJECTED from src\main\AndroidManifest.xml:2:1-45:12
INJECTED from src\main\AndroidManifest.xml:2:1-45:12
	package
		ADDED from src\main\AndroidManifest.xml:3:5-40
		INJECTED from src\main\AndroidManifest.xml
		INJECTED from src\main\AndroidManifest.xml
	android:versionName
		INJECTED from src\main\AndroidManifest.xml
		ADDED from src\main\AndroidManifest.xml:2:1-45:12
		INJECTED from src\main\AndroidManifest.xml
	android:versionCode
		INJECTED from src\main\AndroidManifest.xml
		ADDED from src\main\AndroidManifest.xml:2:1-45:12
		INJECTED from src\main\AndroidManifest.xml
	xmlns:android
		ADDED from src\main\AndroidManifest.xml:2:11-69
uses-permission#android.permission.INTERNET
ADDED from src\main\AndroidManifest.xml:5:5-67
	android:name
		ADDED from src\main\AndroidManifest.xml:5:22-64
application
ADDED from src\main\AndroidManifest.xml:7:5-43:19
MERGED from [com.android.support:appcompat-v7:23.3.0] AndroidManifest.xml:25:5-20
MERGED from [com.android.support:appcompat-v7:23.3.0] AndroidManifest.xml:25:5-20
MERGED from [com.google.firebase:firebase-auth:9.0.2] AndroidManifest.xml:20:5-21:19
MERGED from [com.google.firebase:firebase-auth:9.0.2] AndroidManifest.xml:20:5-21:19
MERGED from [de.hdodenhof:circleimageview:2.0.0] AndroidManifest.xml:9:5-20
MERGED from [de.hdodenhof:circleimageview:2.0.0] AndroidManifest.xml:9:5-20
MERGED from [com.android.support:animated-vector-drawable:23.3.0] AndroidManifest.xml:7:5-20
MERGED from [com.android.support:animated-vector-drawable:23.3.0] AndroidManifest.xml:7:5-20
MERGED from [com.android.support:support-vector-drawable:23.3.0] AndroidManifest.xml:7:5-20
MERGED from [com.android.support:support-vector-drawable:23.3.0] AndroidManifest.xml:7:5-20
MERGED from [com.google.firebase:firebase-auth-common:9.0.2] AndroidManifest.xml:20:5-21:19
MERGED from [com.google.firebase:firebase-auth-common:9.0.2] AndroidManifest.xml:20:5-21:19
MERGED from [com.google.android.gms:play-services-base:9.0.2] AndroidManifest.xml:19:5-23:19
MERGED from [com.google.android.gms:play-services-base:9.0.2] AndroidManifest.xml:19:5-23:19
MERGED from [com.google.firebase:firebase-common:9.0.2] AndroidManifest.xml:5:5-12:19
MERGED from [com.google.firebase:firebase-common:9.0.2] AndroidManifest.xml:5:5-12:19
MERGED from [com.google.android.gms:play-services-tasks:9.0.2] AndroidManifest.xml:5:5-20
MERGED from [com.google.android.gms:play-services-tasks:9.0.2] AndroidManifest.xml:5:5-20
MERGED from [com.google.android.gms:play-services-basement:9.0.2] AndroidManifest.xml:20:5-24:19
MERGED from [com.google.android.gms:play-services-basement:9.0.2] AndroidManifest.xml:20:5-24:19
MERGED from [com.android.support:support-v4:23.3.0] AndroidManifest.xml:22:5-20
MERGED from [com.android.support:support-v4:23.3.0] AndroidManifest.xml:22:5-20
MERGED from [com.android.support:support-core-ui:26.0.0-alpha1] AndroidManifest.xml:29:5-20
MERGED from [com.android.support:support-core-ui:26.0.0-alpha1] AndroidManifest.xml:29:5-20
MERGED from [com.android.support:support-compat:26.0.0-alpha1] AndroidManifest.xml:29:5-20
MERGED from [com.android.support:support-compat:26.0.0-alpha1] AndroidManifest.xml:29:5-20
	android:label
		ADDED from src\main\AndroidManifest.xml:11:9-41
	android:icon
		ADDED from src\main\AndroidManifest.xml:10:9-43
	android:allowBackup
		ADDED from src\main\AndroidManifest.xml:9:9-35
	android:theme
		ADDED from src\main\AndroidManifest.xml:12:9-40
	android:name
		ADDED from src\main\AndroidManifest.xml:8:9-54
activity#cosmin.criptochat.android.ui.MainActivity
ADDED from src\main\AndroidManifest.xml:13:9-22:20
	android:screenOrientation
		ADDED from src\main\AndroidManifest.xml:16:13-49
	android:label
		ADDED from src\main\AndroidManifest.xml:15:13-45
	android:name
		ADDED from src\main\AndroidManifest.xml:14:13-44
intent-filter#action:name:android.intent.action.MAIN+category:name:android.intent.category.LAUNCHER
ADDED from src\main\AndroidManifest.xml:17:13-21:29
action#android.intent.action.MAIN
ADDED from src\main\AndroidManifest.xml:18:17-69
	android:name
		ADDED from src\main\AndroidManifest.xml:18:25-66
category#android.intent.category.LAUNCHER
ADDED from src\main\AndroidManifest.xml:20:17-77
	android:name
		ADDED from src\main\AndroidManifest.xml:20:27-74
activity#cosmin.criptochat.android.ui.LogInActivity
ADDED from src\main\AndroidManifest.xml:23:9-27:20
	android:screenOrientation
		ADDED from src\main\AndroidManifest.xml:26:13-49
	android:label
		ADDED from src\main\AndroidManifest.xml:25:13-58
	android:name
		ADDED from src\main\AndroidManifest.xml:24:13-45
activity#cosmin.criptochat.android.ui.RegisterActivity
ADDED from src\main\AndroidManifest.xml:28:9-32:20
	android:screenOrientation
		ADDED from src\main\AndroidManifest.xml:31:13-49
	android:label
		ADDED from src\main\AndroidManifest.xml:30:13-60
	android:name
		ADDED from src\main\AndroidManifest.xml:29:13-48
activity#cosmin.criptochat.android.ui.ChatActivity
ADDED from src\main\AndroidManifest.xml:33:9-42:20
	android:screenOrientation
		ADDED from src\main\AndroidManifest.xml:37:13-49
	android:parentActivityName
		ADDED from src\main\AndroidManifest.xml:36:13-58
	android:label
		ADDED from src\main\AndroidManifest.xml:35:13-56
	android:windowSoftInputMode
		ADDED from src\main\AndroidManifest.xml:38:13-55
	android:name
		ADDED from src\main\AndroidManifest.xml:34:13-44
meta-data#android.support.PARENT_ACTIVITY
ADDED from src\main\AndroidManifest.xml:39:13-41:77
	android:value
		ADDED from src\main\AndroidManifest.xml:41:17-74
	android:name
		ADDED from src\main\AndroidManifest.xml:40:17-63
uses-sdk
INJECTED from src\main\AndroidManifest.xml reason: use-sdk injection requested
INJECTED from src\main\AndroidManifest.xml
INJECTED from src\main\AndroidManifest.xml
MERGED from [com.android.support:appcompat-v7:23.3.0] AndroidManifest.xml:21:5-23:78
MERGED from [com.android.support:appcompat-v7:23.3.0] AndroidManifest.xml:21:5-23:78
MERGED from [com.google.firebase:firebase-auth:9.0.2] AndroidManifest.xml:18:5-43
MERGED from [com.google.firebase:firebase-auth:9.0.2] AndroidManifest.xml:18:5-43
MERGED from [com.android.support:recyclerview-v7:26.0.0-alpha1] AndroidManifest.xml:20:5-44
MERGED from [com.android.support:recyclerview-v7:26.0.0-alpha1] AndroidManifest.xml:20:5-44
MERGED from [de.hdodenhof:circleimageview:2.0.0] AndroidManifest.xml:5:5-7:41
MERGED from [de.hdodenhof:circleimageview:2.0.0] AndroidManifest.xml:5:5-7:41
MERGED from [com.android.support:animated-vector-drawable:23.3.0] AndroidManifest.xml:5:5-44
MERGED from [com.android.support:animated-vector-drawable:23.3.0] AndroidManifest.xml:5:5-44
MERGED from [com.android.support:support-vector-drawable:23.3.0] AndroidManifest.xml:5:5-43
MERGED from [com.android.support:support-vector-drawable:23.3.0] AndroidManifest.xml:5:5-43
MERGED from [com.google.firebase:firebase-auth-common:9.0.2] AndroidManifest.xml:18:5-43
MERGED from [com.google.firebase:firebase-auth-common:9.0.2] AndroidManifest.xml:18:5-43
MERGED from [com.google.firebase:firebase-auth-module:9.0.2] AndroidManifest.xml:4:5-43
MERGED from [com.google.firebase:firebase-auth-module:9.0.2] AndroidManifest.xml:4:5-43
MERGED from [com.google.android.gms:play-services-base:9.0.2] AndroidManifest.xml:18:5-42
MERGED from [com.google.android.gms:play-services-base:9.0.2] AndroidManifest.xml:18:5-42
MERGED from [com.google.firebase:firebase-common:9.0.2] AndroidManifest.xml:4:5-43
MERGED from [com.google.firebase:firebase-common:9.0.2] AndroidManifest.xml:4:5-43
MERGED from [com.google.android.gms:play-services-tasks:9.0.2] AndroidManifest.xml:4:5-43
MERGED from [com.google.android.gms:play-services-tasks:9.0.2] AndroidManifest.xml:4:5-43
MERGED from [com.google.android.gms:play-services-basement:9.0.2] AndroidManifest.xml:18:5-42
MERGED from [com.google.android.gms:play-services-basement:9.0.2] AndroidManifest.xml:18:5-42
MERGED from [com.android.support:support-v4:23.3.0] AndroidManifest.xml:20:5-43
MERGED from [com.android.support:support-v4:23.3.0] AndroidManifest.xml:20:5-43
MERGED from [com.android.support:support-core-ui:26.0.0-alpha1] AndroidManifest.xml:21:5-23:58
MERGED from [com.android.support:support-core-ui:26.0.0-alpha1] AndroidManifest.xml:21:5-23:58
MERGED from [com.android.support:support-compat:26.0.0-alpha1] AndroidManifest.xml:21:5-23:58
MERGED from [com.android.support:support-compat:26.0.0-alpha1] AndroidManifest.xml:21:5-23:58
INJECTED from src\main\AndroidManifest.xml
INJECTED from src\main\AndroidManifest.xml
	tools:overrideLibrary
		ADDED from [com.android.support:appcompat-v7:23.3.0] AndroidManifest.xml:23:9-75
	android:targetSdkVersion
		INJECTED from src\main\AndroidManifest.xml
		ADDED from src\main\AndroidManifest.xml
		INJECTED from src\main\AndroidManifest.xml
	android:minSdkVersion
		INJECTED from src\main\AndroidManifest.xml
		ADDED from src\main\AndroidManifest.xml
		INJECTED from src\main\AndroidManifest.xml
meta-data#android.support.VERSION
ADDED from [com.android.support:recyclerview-v7:26.0.0-alpha1] AndroidManifest.xml:22:5-24:41
MERGED from [com.android.support:support-core-ui:26.0.0-alpha1] AndroidManifest.xml:25:5-27:41
MERGED from [com.android.support:support-core-ui:26.0.0-alpha1] AndroidManifest.xml:25:5-27:41
MERGED from [com.android.support:support-compat:26.0.0-alpha1] AndroidManifest.xml:25:5-27:41
MERGED from [com.android.support:support-compat:26.0.0-alpha1] AndroidManifest.xml:25:5-27:41
	android:value
		ADDED from [com.android.support:recyclerview-v7:26.0.0-alpha1] AndroidManifest.xml:24:9-38
	android:name
		ADDED from [com.android.support:recyclerview-v7:26.0.0-alpha1] AndroidManifest.xml:23:9-47
activity#com.google.android.gms.common.api.GoogleApiActivity
ADDED from [com.google.android.gms:play-services-base:9.0.2] AndroidManifest.xml:20:9-22:45
	android:exported
		ADDED from [com.google.android.gms:play-services-base:9.0.2] AndroidManifest.xml:22:19-43
	android:theme
		ADDED from [com.google.android.gms:play-services-base:9.0.2] AndroidManifest.xml:21:19-78
	android:name
		ADDED from [com.google.android.gms:play-services-base:9.0.2] AndroidManifest.xml:20:19-85
provider#com.google.firebase.provider.FirebaseInitProvider
ADDED from [com.google.firebase:firebase-common:9.0.2] AndroidManifest.xml:7:9-11:39
	android:authorities
		ADDED from [com.google.firebase:firebase-common:9.0.2] AndroidManifest.xml:8:13-72
	android:exported
		ADDED from [com.google.firebase:firebase-common:9.0.2] AndroidManifest.xml:10:13-37
	android:initOrder
		ADDED from [com.google.firebase:firebase-common:9.0.2] AndroidManifest.xml:11:13-36
	android:name
		ADDED from [com.google.firebase:firebase-common:9.0.2] AndroidManifest.xml:9:13-58
meta-data#com.google.android.gms.version
ADDED from [com.google.android.gms:play-services-basement:9.0.2] AndroidManifest.xml:21:9-23:69
	android:value
		ADDED from [com.google.android.gms:play-services-basement:9.0.2] AndroidManifest.xml:23:13-66
	android:name
		ADDED from [com.google.android.gms:play-services-basement:9.0.2] AndroidManifest.xml:22:13-58